<?xml version="1.0" encoding="UTF-8"?>
<testng-results ignored="0" total="1" passed="1" failed="0" skipped="0">
  <reporter-output>
    <line>
      <![CDATA[**************Successfully launched**************]]>
    </line>
  </reporter-output>
  <suite started-at="2024-05-31T15:22:42 IST" name="Surefire suite" finished-at="2024-05-31T15:22:44 IST" duration-ms="1915">
    <groups>
    </groups>
    <test started-at="2024-05-31T15:22:42 IST" name="Surefire test" finished-at="2024-05-31T15:22:44 IST" duration-ms="1915">
      <class name="LaunchBrowser">
        <test-method signature="firstTime()[pri:0, instance:LaunchBrowser@7b227d8d]" started-at="2024-05-31T15:22:42 IST" name="firstTime" finished-at="2024-05-31T15:22:44 IST" duration-ms="1893" status="PASS">
          <reporter-output>
            <line>
              <![CDATA[**************Successfully launched**************]]>
            </line>
          </reporter-output>
        </test-method> <!-- firstTime -->
      </class> <!-- LaunchBrowser -->
    </test> <!-- Surefire test -->
  </suite> <!-- Surefire suite -->
</testng-results>
