<?xml version="1.0" encoding="UTF-8"?>
<testng-results ignored="0" total="1" passed="1" failed="0" skipped="0">
  <reporter-output>
  </reporter-output>
  <suite started-at="2024-05-31T15:09:28 IST" name="Default suite" finished-at="2024-05-31T15:09:39 IST" duration-ms="11503">
    <groups>
    </groups>
    <test started-at="2024-05-31T15:09:28 IST" name="Default test" finished-at="2024-05-31T15:09:39 IST" duration-ms="11503">
      <class name="LaunchBrowser">
        <test-method signature="firstTime()[pri:0, instance:LaunchBrowser@2a3b5b47]" started-at="2024-05-31T15:09:28 IST" name="firstTime" finished-at="2024-05-31T15:09:39 IST" duration-ms="11460" status="PASS">
          <reporter-output>
          </reporter-output>
        </test-method> <!-- firstTime -->
      </class> <!-- LaunchBrowser -->
    </test> <!-- Default test -->
  </suite> <!-- Default suite -->
</testng-results>
